This file contains any messages produced by compilers while
running configure, to aid debugging if configure makes a mistake.

It was created by Yate configure 5.5.0, which was
generated by GNU Autoconf 2.69.  Invocation command line was

  $ ./configure 

## --------- ##
## Platform. ##
## --------- ##

hostname = 8B-20-66-53
uname -m = x86_64
uname -r = 4.15.0-29-generic
uname -s = Linux
uname -v = #31-Ubuntu SMP Tue Jul 17 15:39:52 UTC 2018

/usr/bin/uname -p = unknown
/bin/uname -X     = unknown

/bin/arch              = unknown
/usr/bin/arch -k       = unknown
/usr/convex/getsysinfo = unknown
/usr/bin/hostinfo      = unknown
/bin/machine           = unknown
/usr/bin/oslevel       = unknown
/bin/universe          = unknown

PATH: /opt/Xilinx/Model_Composer/2018.3/bin
PATH: /opt/Xilinx/SDK/2018.3/bin
PATH: /opt/Xilinx/SDK/2018.3/gnu/microblaze/lin/bin
PATH: /opt/Xilinx/SDK/2018.3/gnu/arm/lin/bin
PATH: /opt/Xilinx/SDK/2018.3/gnu/microblaze/linux_toolchain/lin64_le/bin
PATH: /opt/Xilinx/SDK/2018.3/gnu/aarch32/lin/gcc-arm-linux-gnueabi/bin
PATH: /opt/Xilinx/SDK/2018.3/gnu/aarch32/lin/gcc-arm-none-eabi/bin
PATH: /opt/Xilinx/SDK/2018.3/gnu/aarch64/lin/aarch64-linux/bin
PATH: /opt/Xilinx/SDK/2018.3/gnu/aarch64/lin/aarch64-none/bin
PATH: /opt/Xilinx/SDK/2018.3/gnu/armr5/lin/gcc-arm-none-eabi/bin
PATH: /opt/Xilinx/SDK/2018.3/tps/lnx64/cmake-3.3.2/bin
PATH: /opt/Xilinx/DocNav
PATH: /opt/Xilinx/SDx/2018.3/bin
PATH: /opt/Xilinx/Vivado/2018.3/bin
PATH: /usr/local/sbin
PATH: /usr/local/bin
PATH: /usr/sbin
PATH: /usr/bin
PATH: /sbin
PATH: /bin
PATH: /usr/games
PATH: /usr/local/games
PATH: /snap/bin
PATH: /usr/lib/jvm/java-8-oracle/bin
PATH: /usr/lib/jvm/java-8-oracle/db/bin
PATH: /usr/lib/jvm/java-8-oracle/jre/bin
PATH: /opt/jdk1.8.0_111/bin/
PATH: /opt/anaconda3.5/bin/
PATH: /usr/local/MATLAB/R2018a/bin/
PATH: /opt/QuestaSim/questasim/bin


## ----------- ##
## Core tests. ##
## ----------- ##

configure:2406: checking for local operating system type
configure:2410: result: Linux
configure:2420: checking for libraries directory name
configure:2445: result: lib/x86_64-linux-gnu
configure:2508: checking for g++
configure:2524: found /usr/bin/g++
configure:2535: result: g++
configure:2562: checking for C++ compiler version
configure:2571: g++ --version >&5
g++ (Ubuntu 7.3.0-27ubuntu1~18.04) 7.3.0
Copyright (C) 2017 Free Software Foundation, Inc.
This is free software; see the source for copying conditions.  There is NO
warranty; not even for MERCHANTABILITY or FITNESS FOR A PARTICULAR PURPOSE.

configure:2582: $? = 0
configure:2571: g++ -v >&5
Using built-in specs.
COLLECT_GCC=g++
COLLECT_LTO_WRAPPER=/usr/lib/gcc/x86_64-linux-gnu/7/lto-wrapper
OFFLOAD_TARGET_NAMES=nvptx-none
OFFLOAD_TARGET_DEFAULT=1
Target: x86_64-linux-gnu
Configured with: ../src/configure -v --with-pkgversion='Ubuntu 7.3.0-27ubuntu1~18.04' --with-bugurl=file:///usr/share/doc/gcc-7/README.Bugs --enable-languages=c,ada,c++,go,brig,d,fortran,objc,obj-c++ --prefix=/usr --with-gcc-major-version-only --program-suffix=-7 --program-prefix=x86_64-linux-gnu- --enable-shared --enable-linker-build-id --libexecdir=/usr/lib --without-included-gettext --enable-threads=posix --libdir=/usr/lib --enable-nls --with-sysroot=/ --enable-clocale=gnu --enable-libstdcxx-debug --enable-libstdcxx-time=yes --with-default-libstdcxx-abi=new --enable-gnu-unique-object --disable-vtable-verify --enable-libmpx --enable-plugin --enable-default-pie --with-system-zlib --with-target-system-zlib --enable-objc-gc=auto --enable-multiarch --disable-werror --with-arch-32=i686 --with-abi=m64 --with-multilib-list=m32,m64,mx32 --enable-multilib --with-tune=generic --enable-offload-targets=nvptx-none --without-cuda-driver --enable-checking=release --build=x86_64-linux-gnu --host=x86_64-linux-gnu --target=x86_64-linux-gnu
Thread model: posix
gcc version 7.3.0 (Ubuntu 7.3.0-27ubuntu1~18.04) 
configure:2582: $? = 0
configure:2571: g++ -V >&5
g++: error: unrecognized command line option '-V'
g++: fatal error: no input files
compilation terminated.
configure:2582: $? = 1
configure:2571: g++ -qversion >&5
g++: error: unrecognized command line option '-qversion'; did you mean '--version'?
g++: fatal error: no input files
compilation terminated.
configure:2582: $? = 1
configure:2602: checking whether the C++ compiler works
configure:2624: g++    conftest.cpp  >&5
configure:2628: $? = 0
configure:2676: result: yes
configure:2679: checking for C++ compiler default output file name
configure:2681: result: a.out
configure:2687: checking for suffix of executables
configure:2694: g++ -o conftest    conftest.cpp  >&5
configure:2698: $? = 0
configure:2720: result: 
configure:2742: checking whether we are cross compiling
configure:2750: g++ -o conftest    conftest.cpp  >&5
configure:2754: $? = 0
configure:2761: ./conftest
configure:2765: $? = 0
configure:2780: result: no
configure:2785: checking for suffix of object files
configure:2807: g++ -c   conftest.cpp >&5
configure:2811: $? = 0
configure:2832: result: o
configure:2836: checking whether we are using the GNU C++ compiler
configure:2855: g++ -c   conftest.cpp >&5
configure:2855: $? = 0
configure:2864: result: yes
configure:2873: checking whether g++ accepts -g
configure:2893: g++ -c -g  conftest.cpp >&5
configure:2893: $? = 0
configure:2934: result: yes
configure:3005: checking for gcc
configure:3021: found /usr/bin/gcc
configure:3032: result: gcc
configure:3261: checking for C compiler version
configure:3270: gcc --version >&5
gcc (Ubuntu 7.3.0-27ubuntu1~18.04) 7.3.0
Copyright (C) 2017 Free Software Foundation, Inc.
This is free software; see the source for copying conditions.  There is NO
warranty; not even for MERCHANTABILITY or FITNESS FOR A PARTICULAR PURPOSE.

configure:3281: $? = 0
configure:3270: gcc -v >&5
Using built-in specs.
COLLECT_GCC=gcc
COLLECT_LTO_WRAPPER=/usr/lib/gcc/x86_64-linux-gnu/7/lto-wrapper
OFFLOAD_TARGET_NAMES=nvptx-none
OFFLOAD_TARGET_DEFAULT=1
Target: x86_64-linux-gnu
Configured with: ../src/configure -v --with-pkgversion='Ubuntu 7.3.0-27ubuntu1~18.04' --with-bugurl=file:///usr/share/doc/gcc-7/README.Bugs --enable-languages=c,ada,c++,go,brig,d,fortran,objc,obj-c++ --prefix=/usr --with-gcc-major-version-only --program-suffix=-7 --program-prefix=x86_64-linux-gnu- --enable-shared --enable-linker-build-id --libexecdir=/usr/lib --without-included-gettext --enable-threads=posix --libdir=/usr/lib --enable-nls --with-sysroot=/ --enable-clocale=gnu --enable-libstdcxx-debug --enable-libstdcxx-time=yes --with-default-libstdcxx-abi=new --enable-gnu-unique-object --disable-vtable-verify --enable-libmpx --enable-plugin --enable-default-pie --with-system-zlib --with-target-system-zlib --enable-objc-gc=auto --enable-multiarch --disable-werror --with-arch-32=i686 --with-abi=m64 --with-multilib-list=m32,m64,mx32 --enable-multilib --with-tune=generic --enable-offload-targets=nvptx-none --without-cuda-driver --enable-checking=release --build=x86_64-linux-gnu --host=x86_64-linux-gnu --target=x86_64-linux-gnu
Thread model: posix
gcc version 7.3.0 (Ubuntu 7.3.0-27ubuntu1~18.04) 
configure:3281: $? = 0
configure:3270: gcc -V >&5
gcc: error: unrecognized command line option '-V'
gcc: fatal error: no input files
compilation terminated.
configure:3281: $? = 1
configure:3270: gcc -qversion >&5
gcc: error: unrecognized command line option '-qversion'; did you mean '--version'?
gcc: fatal error: no input files
compilation terminated.
configure:3281: $? = 1
configure:3285: checking whether we are using the GNU C compiler
configure:3304: gcc -c   conftest.c >&5
configure:3304: $? = 0
configure:3313: result: yes
configure:3322: checking whether gcc accepts -g
configure:3342: gcc -c -g  conftest.c >&5
configure:3342: $? = 0
configure:3383: result: yes
configure:3400: checking for gcc option to accept ISO C89
configure:3463: gcc  -c -g -O2  conftest.c >&5
configure:3463: $? = 0
configure:3476: result: none needed
configure:3500: checking for gawk
configure:3516: found /usr/bin/gawk
configure:3527: result: gawk
configure:3539: checking for sed command to use
configure:3548: result: sed
configure:3557: checking how to run the C preprocessor
configure:3588: gcc -E  conftest.c
configure:3588: $? = 0
configure:3602: gcc -E  conftest.c
conftest.c:9:10: fatal error: ac_nonexistent.h: No such file or directory
 #include <ac_nonexistent.h>
          ^~~~~~~~~~~~~~~~~~
compilation terminated.
configure:3602: $? = 1
configure: failed program was:
| /* confdefs.h */
| #define PACKAGE_NAME "Yate"
| #define PACKAGE_TARNAME "yate"
| #define PACKAGE_VERSION "5.5.0"
| #define PACKAGE_STRING "Yate 5.5.0"
| #define PACKAGE_BUGREPORT ""
| #define PACKAGE_URL ""
| /* end confdefs.h.  */
| #include <ac_nonexistent.h>
configure:3627: result: gcc -E
configure:3647: gcc -E  conftest.c
configure:3647: $? = 0
configure:3661: gcc -E  conftest.c
conftest.c:9:10: fatal error: ac_nonexistent.h: No such file or directory
 #include <ac_nonexistent.h>
          ^~~~~~~~~~~~~~~~~~
compilation terminated.
configure:3661: $? = 1
configure: failed program was:
| /* confdefs.h */
| #define PACKAGE_NAME "Yate"
| #define PACKAGE_TARNAME "yate"
| #define PACKAGE_VERSION "5.5.0"
| #define PACKAGE_STRING "Yate 5.5.0"
| #define PACKAGE_BUGREPORT ""
| #define PACKAGE_URL ""
| /* end confdefs.h.  */
| #include <ac_nonexistent.h>
configure:3690: checking for grep that handles long lines and -e
configure:3748: result: /bin/grep
configure:3753: checking for egrep
configure:3815: result: /bin/grep -E
configure:3820: checking for ANSI C header files
configure:3840: gcc -c -g -O2  conftest.c >&5
configure:3840: $? = 0
configure:3913: gcc -o conftest -g -O2   conftest.c  >&5
configure:3913: $? = 0
configure:3913: ./conftest
configure:3913: $? = 0
configure:3924: result: yes
configure:3937: checking for sys/types.h
configure:3937: gcc -c -g -O2  conftest.c >&5
configure:3937: $? = 0
configure:3937: result: yes
configure:3937: checking for sys/stat.h
configure:3937: gcc -c -g -O2  conftest.c >&5
configure:3937: $? = 0
configure:3937: result: yes
configure:3937: checking for stdlib.h
configure:3937: gcc -c -g -O2  conftest.c >&5
configure:3937: $? = 0
configure:3937: result: yes
configure:3937: checking for string.h
configure:3937: gcc -c -g -O2  conftest.c >&5
configure:3937: $? = 0
configure:3937: result: yes
configure:3937: checking for memory.h
configure:3937: gcc -c -g -O2  conftest.c >&5
configure:3937: $? = 0
configure:3937: result: yes
configure:3937: checking for strings.h
configure:3937: gcc -c -g -O2  conftest.c >&5
configure:3937: $? = 0
configure:3937: result: yes
configure:3937: checking for inttypes.h
configure:3937: gcc -c -g -O2  conftest.c >&5
configure:3937: $? = 0
configure:3937: result: yes
configure:3937: checking for stdint.h
configure:3937: gcc -c -g -O2  conftest.c >&5
configure:3937: $? = 0
configure:3937: result: yes
configure:3937: checking for unistd.h
configure:3937: gcc -c -g -O2  conftest.c >&5
configure:3937: $? = 0
configure:3937: result: yes
configure:3949: checking whether byte ordering is bigendian
configure:3964: gcc -c -g -O2  conftest.c >&5
conftest.c:20:9: error: unknown type name 'not'
         not a universal capable compiler
         ^~~
conftest.c:20:15: error: expected '=', ',', ';', 'asm' or '__attribute__' before 'universal'
         not a universal capable compiler
               ^~~~~~~~~
conftest.c:20:15: error: unknown type name 'universal'
configure:3964: $? = 1
configure: failed program was:
| /* confdefs.h */
| #define PACKAGE_NAME "Yate"
| #define PACKAGE_TARNAME "yate"
| #define PACKAGE_VERSION "5.5.0"
| #define PACKAGE_STRING "Yate 5.5.0"
| #define PACKAGE_BUGREPORT ""
| #define PACKAGE_URL ""
| #define STDC_HEADERS 1
| #define HAVE_SYS_TYPES_H 1
| #define HAVE_SYS_STAT_H 1
| #define HAVE_STDLIB_H 1
| #define HAVE_STRING_H 1
| #define HAVE_MEMORY_H 1
| #define HAVE_STRINGS_H 1
| #define HAVE_INTTYPES_H 1
| #define HAVE_STDINT_H 1
| #define HAVE_UNISTD_H 1
| /* end confdefs.h.  */
| #ifndef __APPLE_CC__
| 	       not a universal capable compiler
| 	     #endif
| 	     typedef int dummy;
| 
configure:4009: gcc -c -g -O2  conftest.c >&5
configure:4009: $? = 0
configure:4027: gcc -c -g -O2  conftest.c >&5
conftest.c: In function 'main':
conftest.c:26:4: error: unknown type name 'not'; did you mean 'ino_t'?
    not big endian
    ^~~
    ino_t
conftest.c:26:12: error: expected '=', ',', ';', 'asm' or '__attribute__' before 'endian'
    not big endian
            ^~~~~~
configure:4027: $? = 1
configure: failed program was:
| /* confdefs.h */
| #define PACKAGE_NAME "Yate"
| #define PACKAGE_TARNAME "yate"
| #define PACKAGE_VERSION "5.5.0"
| #define PACKAGE_STRING "Yate 5.5.0"
| #define PACKAGE_BUGREPORT ""
| #define PACKAGE_URL ""
| #define STDC_HEADERS 1
| #define HAVE_SYS_TYPES_H 1
| #define HAVE_SYS_STAT_H 1
| #define HAVE_STDLIB_H 1
| #define HAVE_STRING_H 1
| #define HAVE_MEMORY_H 1
| #define HAVE_STRINGS_H 1
| #define HAVE_INTTYPES_H 1
| #define HAVE_STDINT_H 1
| #define HAVE_UNISTD_H 1
| /* end confdefs.h.  */
| #include <sys/types.h>
| 		#include <sys/param.h>
| 
| int
| main ()
| {
| #if BYTE_ORDER != BIG_ENDIAN
| 		 not big endian
| 		#endif
| 
|   ;
|   return 0;
| }
configure:4155: result: no
configure:4175: checking for gcc printf format typechecks
configure:4190: gcc -c -g -O2 -Wall -Werror  conftest.c >&5
configure:4190: $? = 0
configure:4200: result: yes
configure:4205: checking for -Wno-overloaded-virtual flag
configure:4220: gcc -c -Wno-overloaded-virtual -Werror  conftest.c >&5
cc1: warning: command line option '-Wno-overloaded-virtual' is valid for C++/ObjC++ but not for C
configure:4220: $? = 0
configure:4230: result: yes
configure:4235: checking if ld supports reporting unresolved symbols
configure:4250: gcc -o conftest -g -O2 -Wall -Werror -Wl,--unresolved-symbols=ignore-in-shared-libs   conftest.c  >&5
configure:4250: $? = 0
configure:4258: result: yes
configure:4271: checking if instruction blocks return values
configure:4284: gcc -c -g -O2  conftest.c >&5
configure:4284: $? = 0
configure:4288: result: yes
configure:4302: checking for dirent.h that defines DIR
configure:4321: gcc -c -g -O2  conftest.c >&5
configure:4321: $? = 0
configure:4329: result: yes
configure:4342: checking for library containing opendir
configure:4373: gcc -o conftest -g -O2   conftest.c  >&5
configure:4373: $? = 0
configure:4390: result: none required
configure:4457: checking for ANSI C header files
configure:4561: result: yes
configure:4572: checking fcntl.h usability
configure:4572: gcc -c -g -O2  conftest.c >&5
configure:4572: $? = 0
configure:4572: result: yes
configure:4572: checking fcntl.h presence
configure:4572: gcc -E  conftest.c
configure:4572: $? = 0
configure:4572: result: yes
configure:4572: checking for fcntl.h
configure:4572: result: yes
configure:4572: checking semaphore.h usability
configure:4572: gcc -c -g -O2  conftest.c >&5
configure:4572: $? = 0
configure:4572: result: yes
configure:4572: checking semaphore.h presence
configure:4572: gcc -E  conftest.c
configure:4572: $? = 0
configure:4572: result: yes
configure:4572: checking for semaphore.h
configure:4572: result: yes
configure:4572: checking arpa/inet.h usability
configure:4572: gcc -c -g -O2  conftest.c >&5
configure:4572: $? = 0
configure:4572: result: yes
configure:4572: checking arpa/inet.h presence
configure:4572: gcc -E  conftest.c
configure:4572: $? = 0
configure:4572: result: yes
configure:4572: checking for arpa/inet.h
configure:4572: result: yes
configure:4572: checking netdb.h usability
configure:4572: gcc -c -g -O2  conftest.c >&5
configure:4572: $? = 0
configure:4572: result: yes
configure:4572: checking netdb.h presence
configure:4572: gcc -E  conftest.c
configure:4572: $? = 0
configure:4572: result: yes
configure:4572: checking for netdb.h
configure:4572: result: yes
configure:4572: checking netinet/in.h usability
configure:4572: gcc -c -g -O2  conftest.c >&5
configure:4572: $? = 0
configure:4572: result: yes
configure:4572: checking netinet/in.h presence
configure:4572: gcc -E  conftest.c
configure:4572: $? = 0
configure:4572: result: yes
configure:4572: checking for netinet/in.h
configure:4572: result: yes
configure:4572: checking sys/ioctl.h usability
configure:4572: gcc -c -g -O2  conftest.c >&5
configure:4572: $? = 0
configure:4572: result: yes
configure:4572: checking sys/ioctl.h presence
configure:4572: gcc -E  conftest.c
configure:4572: $? = 0
configure:4572: result: yes
configure:4572: checking for sys/ioctl.h
configure:4572: result: yes
configure:4572: checking sys/socket.h usability
configure:4572: gcc -c -g -O2  conftest.c >&5
configure:4572: $? = 0
configure:4572: result: yes
configure:4572: checking sys/socket.h presence
configure:4572: gcc -E  conftest.c
configure:4572: $? = 0
configure:4572: result: yes
configure:4572: checking for sys/socket.h
configure:4572: result: yes
configure:4572: checking sys/time.h usability
configure:4572: gcc -c -g -O2  conftest.c >&5
configure:4572: $? = 0
configure:4572: result: yes
configure:4572: checking sys/time.h presence
configure:4572: gcc -E  conftest.c
configure:4572: $? = 0
configure:4572: result: yes
configure:4572: checking for sys/time.h
configure:4572: result: yes
configure:4586: checking for an ANSI C-conforming const
configure:4652: gcc -c -g -O2  conftest.c >&5
configure:4652: $? = 0
configure:4659: result: yes
configure:4667: checking for inline
configure:4683: gcc -c -g -O2  conftest.c >&5
configure:4683: $? = 0
configure:4691: result: inline
configure:4709: checking whether time.h and sys/time.h may both be included
configure:4729: gcc -c -g -O2  conftest.c >&5
configure:4729: $? = 0
configure:4736: result: yes
configure:4746: checking return type of signal handlers
configure:4764: gcc -c -g -O2  conftest.c >&5
conftest.c: In function 'main':
conftest.c:36:10: error: void value not ignored as it ought to be
 return *(signal (0, 0)) (0) == 1;
         ~^~~~~~~~~~~~~~~~~~
configure:4764: $? = 1
configure: failed program was:
| /* confdefs.h */
| #define PACKAGE_NAME "Yate"
| #define PACKAGE_TARNAME "yate"
| #define PACKAGE_VERSION "5.5.0"
| #define PACKAGE_STRING "Yate 5.5.0"
| #define PACKAGE_BUGREPORT ""
| #define PACKAGE_URL ""
| #define STDC_HEADERS 1
| #define HAVE_SYS_TYPES_H 1
| #define HAVE_SYS_STAT_H 1
| #define HAVE_STDLIB_H 1
| #define HAVE_STRING_H 1
| #define HAVE_MEMORY_H 1
| #define HAVE_STRINGS_H 1
| #define HAVE_INTTYPES_H 1
| #define HAVE_STDINT_H 1
| #define HAVE_UNISTD_H 1
| #define HAVE_DIRENT_H 1
| #define STDC_HEADERS 1
| #define HAVE_FCNTL_H 1
| #define HAVE_SEMAPHORE_H 1
| #define HAVE_ARPA_INET_H 1
| #define HAVE_NETDB_H 1
| #define HAVE_NETINET_IN_H 1
| #define HAVE_SYS_IOCTL_H 1
| #define HAVE_SYS_SOCKET_H 1
| #define HAVE_SYS_TIME_H 1
| #define TIME_WITH_SYS_TIME 1
| /* end confdefs.h.  */
| #include <sys/types.h>
| #include <signal.h>
| 
| int
| main ()
| {
| return *(signal (0, 0)) (0) == 1;
|   ;
|   return 0;
| }
configure:4771: result: void
configure:4782: checking for malloc
configure:4782: gcc -o conftest -g -O2   conftest.c  >&5
conftest.c:54:6: warning: conflicting types for built-in function 'malloc' [-Wbuiltin-declaration-mismatch]
 char malloc ();
      ^~~~~~
configure:4782: $? = 0
configure:4782: result: yes
configure:4782: checking for gettimeofday
configure:4782: gcc -o conftest -g -O2   conftest.c  >&5
configure:4782: $? = 0
configure:4782: result: yes
configure:4782: checking for inet_ntoa
configure:4782: gcc -o conftest -g -O2   conftest.c  >&5
configure:4782: $? = 0
configure:4782: result: yes
configure:4782: checking for memmove
configure:4782: gcc -o conftest -g -O2   conftest.c  >&5
conftest.c:57:6: warning: conflicting types for built-in function 'memmove' [-Wbuiltin-declaration-mismatch]
 char memmove ();
      ^~~~~~~
configure:4782: $? = 0
configure:4782: result: yes
configure:4782: checking for strerror
configure:4782: gcc -o conftest -g -O2   conftest.c  >&5
configure:4782: $? = 0
configure:4782: result: yes
configure:4797: checking for getcwd
configure:4797: gcc -o conftest -g -O2   conftest.c  >&5
configure:4797: $? = 0
configure:4797: result: yes
configure:4809: checking for prctl
configure:4828: gcc -c -g -O2  conftest.c >&5
configure:4828: $? = 0
configure:4832: result: yes
configure:4840: checking for sockaddr.sa_len presence
configure:4858: gcc -c -g -O2  conftest.c >&5
conftest.c: In function 'main':
conftest.c:45:6: error: 'struct sockaddr' has no member named 'sa_len'
 saddr.sa_len = sizeof(struct sockaddr);
      ^
configure:4858: $? = 1
configure: failed program was:
| /* confdefs.h */
| #define PACKAGE_NAME "Yate"
| #define PACKAGE_TARNAME "yate"
| #define PACKAGE_VERSION "5.5.0"
| #define PACKAGE_STRING "Yate 5.5.0"
| #define PACKAGE_BUGREPORT ""
| #define PACKAGE_URL ""
| #define STDC_HEADERS 1
| #define HAVE_SYS_TYPES_H 1
| #define HAVE_SYS_STAT_H 1
| #define HAVE_STDLIB_H 1
| #define HAVE_STRING_H 1
| #define HAVE_MEMORY_H 1
| #define HAVE_STRINGS_H 1
| #define HAVE_INTTYPES_H 1
| #define HAVE_STDINT_H 1
| #define HAVE_UNISTD_H 1
| #define HAVE_DIRENT_H 1
| #define STDC_HEADERS 1
| #define HAVE_FCNTL_H 1
| #define HAVE_SEMAPHORE_H 1
| #define HAVE_ARPA_INET_H 1
| #define HAVE_NETDB_H 1
| #define HAVE_NETINET_IN_H 1
| #define HAVE_SYS_IOCTL_H 1
| #define HAVE_SYS_SOCKET_H 1
| #define HAVE_SYS_TIME_H 1
| #define TIME_WITH_SYS_TIME 1
| #define RETSIGTYPE void
| #define HAVE_MALLOC 1
| #define HAVE_GETTIMEOFDAY 1
| #define HAVE_INET_NTOA 1
| #define HAVE_MEMMOVE 1
| #define HAVE_STRERROR 1
| #define HAVE_GETCWD 1
| /* end confdefs.h.  */
| 
| #include <sys/socket.h>
| 
| int
| main ()
| {
| 
| struct sockaddr saddr;
| saddr.sa_len = sizeof(struct sockaddr);
| 
|   ;
|   return 0;
| }
configure:4869: result: no
configure:4873: checking for tm.tm_gmtoff presence
configure:4892: gcc -c -g -O2  conftest.c >&5
configure:4892: $? = 0
configure:4896: result: yes
configure:4904: checking for integer timezone variable
configure:4922: gcc -c -g -O2  conftest.c >&5
configure:4922: $? = 0
configure:4926: result: yes
configure:4942: checking for poll
configure:4959: gcc -c -g -O2  conftest.c >&5
configure:4959: $? = 0
configure:4963: result: yes
configure:5057: checking for pthread_mutexattr_settype in -lpthread
configure:5082: gcc -o conftest -g -O2   conftest.c -lpthread   >&5
configure:5082: $? = 0
configure:5091: result: yes
configure:5148: checking for dlopen in default libs
configure:5168: gcc -o conftest -g -O2   conftest.c  >&5
/tmp/ccpbIdWD.o: In function `main':
/home/alumnos/e336869/RedesMultimedia/p3/yate-5.5.0-1.compilado/yate/conftest.c:41: undefined reference to `dlopen'
collect2: error: ld returned 1 exit status
configure:5168: $? = 1
configure: failed program was:
| /* confdefs.h */
| #define PACKAGE_NAME "Yate"
| #define PACKAGE_TARNAME "yate"
| #define PACKAGE_VERSION "5.5.0"
| #define PACKAGE_STRING "Yate 5.5.0"
| #define PACKAGE_BUGREPORT ""
| #define PACKAGE_URL ""
| #define STDC_HEADERS 1
| #define HAVE_SYS_TYPES_H 1
| #define HAVE_SYS_STAT_H 1
| #define HAVE_STDLIB_H 1
| #define HAVE_STRING_H 1
| #define HAVE_MEMORY_H 1
| #define HAVE_STRINGS_H 1
| #define HAVE_INTTYPES_H 1
| #define HAVE_STDINT_H 1
| #define HAVE_UNISTD_H 1
| #define HAVE_DIRENT_H 1
| #define STDC_HEADERS 1
| #define HAVE_FCNTL_H 1
| #define HAVE_SEMAPHORE_H 1
| #define HAVE_ARPA_INET_H 1
| #define HAVE_NETDB_H 1
| #define HAVE_NETINET_IN_H 1
| #define HAVE_SYS_IOCTL_H 1
| #define HAVE_SYS_SOCKET_H 1
| #define HAVE_SYS_TIME_H 1
| #define TIME_WITH_SYS_TIME 1
| #define RETSIGTYPE void
| #define HAVE_MALLOC 1
| #define HAVE_GETTIMEOFDAY 1
| #define HAVE_INET_NTOA 1
| #define HAVE_MEMMOVE 1
| #define HAVE_STRERROR 1
| #define HAVE_GETCWD 1
| /* end confdefs.h.  */
| #include <dlfcn.h>
| int
| main ()
| {
| dlopen("",0);
|   ;
|   return 0;
| }
configure:5181: result: no
configure:5184: checking for dlopen in -ldl
configure:5209: gcc -o conftest -g -O2   conftest.c -ldl   >&5
configure:5209: $? = 0
configure:5218: result: yes
configure:5250: checking for pthread_mutexattr_settype declaration
configure:5269: gcc -c -g -O2 -Wall -Werror  conftest.c >&5
configure:5269: $? = 0
configure:5279: result: yes
configure:5282: checking for pthread_mutex_timedlock
configure:5303: gcc -o conftest -g -O2 -Wall -Werror   conftest.c  -lpthread >&5
configure:5303: $? = 0
configure:5314: result: yes
configure:5317: checking for sem_timedwait
configure:5337: gcc -o conftest -g -O2 -Wall -Werror   conftest.c  -lpthread >&5
configure:5337: $? = 0
configure:5348: result: yes
configure:5362: checking for inet_ntop
configure:5362: gcc -o conftest -g -O2   conftest.c  >&5
configure:5362: $? = 0
configure:5362: result: yes
configure:5367: checking for inet_pton
configure:5367: gcc -o conftest -g -O2   conftest.c  >&5
configure:5367: $? = 0
configure:5367: result: yes
configure:5372: checking for gethostbyname_r
configure:5372: gcc -o conftest -g -O2   conftest.c  >&5
configure:5372: $? = 0
configure:5372: result: yes
configure:5377: checking for gethostbyname2_r
configure:5377: gcc -o conftest -g -O2   conftest.c  >&5
configure:5377: $? = 0
configure:5377: result: yes
configure:5382: checking for gethostbyname2
configure:5382: gcc -o conftest -g -O2   conftest.c  >&5
configure:5382: $? = 0
configure:5382: result: yes
configure:5390: checking for pthread_kill_other_threads_np declaration
configure:5417: gcc -c -g -O2 -Wall -Werror  conftest.c >&5
conftest.c: In function 'main':
conftest.c:46:1: error: implicit declaration of function 'pthread_kill_other_threads_np' [-Werror=implicit-function-declaration]
 pthread_kill_other_threads_np();
 ^~~~~~~~~~~~~~~~~~~~~~~~~~~~~
cc1: all warnings being treated as errors
configure:5417: $? = 1
configure: failed program was:
| /* confdefs.h */
| #define PACKAGE_NAME "Yate"
| #define PACKAGE_TARNAME "yate"
| #define PACKAGE_VERSION "5.5.0"
| #define PACKAGE_STRING "Yate 5.5.0"
| #define PACKAGE_BUGREPORT ""
| #define PACKAGE_URL ""
| #define STDC_HEADERS 1
| #define HAVE_SYS_TYPES_H 1
| #define HAVE_SYS_STAT_H 1
| #define HAVE_STDLIB_H 1
| #define HAVE_STRING_H 1
| #define HAVE_MEMORY_H 1
| #define HAVE_STRINGS_H 1
| #define HAVE_INTTYPES_H 1
| #define HAVE_STDINT_H 1
| #define HAVE_UNISTD_H 1
| #define HAVE_DIRENT_H 1
| #define STDC_HEADERS 1
| #define HAVE_FCNTL_H 1
| #define HAVE_SEMAPHORE_H 1
| #define HAVE_ARPA_INET_H 1
| #define HAVE_NETDB_H 1
| #define HAVE_NETINET_IN_H 1
| #define HAVE_SYS_IOCTL_H 1
| #define HAVE_SYS_SOCKET_H 1
| #define HAVE_SYS_TIME_H 1
| #define TIME_WITH_SYS_TIME 1
| #define RETSIGTYPE void
| #define HAVE_MALLOC 1
| #define HAVE_GETTIMEOFDAY 1
| #define HAVE_INET_NTOA 1
| #define HAVE_MEMMOVE 1
| #define HAVE_STRERROR 1
| #define HAVE_GETCWD 1
| #define HAVE_LIBDL 1
| /* end confdefs.h.  */
| 
| #include <unistd.h>
| #include <pthread.h>
| 
| int
| main ()
| {
| 
| pthread_kill_other_threads_np();
| 
|   ;
|   return 0;
| }
configure:5434: result: no
configure:5447: checking whether to use inline functions
configure:5462: result: auto
configure:5476: checking whether to use atomic integer operations
configure:5502: gcc -o conftest -g -O2 -Wall -Werror   conftest.c  >&5
configure:5502: $? = 0
configure:5517: result: yes
configure:5532: checking whether to use sse2 operations
configure:5579: result: no
configure:5618: gcc -c -g -O2  conftest.c >&5
configure:5618: $? = 0
configure:5838: checking for resolver library
configure:5863: gcc -o conftest -g -O2 -Wall -Werror -Wl,--unresolved-symbols=ignore-in-shared-libs   conftest.c  >&5
configure:5863: $? = 0
configure:5904: gcc -o conftest -g -O2 -Wall -Werror -Wl,--unresolved-symbols=ignore-in-shared-libs   conftest.c  >&5
/tmp/cc3yRhzk.o: In function `main':
/home/alumnos/e336869/RedesMultimedia/p3/yate-5.5.0-1.compilado/yate/conftest.c:44: undefined reference to `__res_query'
collect2: error: ld returned 1 exit status
configure:5904: $? = 1
configure: failed program was:
| /* confdefs.h */
| #define PACKAGE_NAME "Yate"
| #define PACKAGE_TARNAME "yate"
| #define PACKAGE_VERSION "5.5.0"
| #define PACKAGE_STRING "Yate 5.5.0"
| #define PACKAGE_BUGREPORT ""
| #define PACKAGE_URL ""
| #define STDC_HEADERS 1
| #define HAVE_SYS_TYPES_H 1
| #define HAVE_SYS_STAT_H 1
| #define HAVE_STDLIB_H 1
| #define HAVE_STRING_H 1
| #define HAVE_MEMORY_H 1
| #define HAVE_STRINGS_H 1
| #define HAVE_INTTYPES_H 1
| #define HAVE_STDINT_H 1
| #define HAVE_UNISTD_H 1
| #define HAVE_DIRENT_H 1
| #define STDC_HEADERS 1
| #define HAVE_FCNTL_H 1
| #define HAVE_SEMAPHORE_H 1
| #define HAVE_ARPA_INET_H 1
| #define HAVE_NETDB_H 1
| #define HAVE_NETINET_IN_H 1
| #define HAVE_SYS_IOCTL_H 1
| #define HAVE_SYS_SOCKET_H 1
| #define HAVE_SYS_TIME_H 1
| #define TIME_WITH_SYS_TIME 1
| #define RETSIGTYPE void
| #define HAVE_MALLOC 1
| #define HAVE_GETTIMEOFDAY 1
| #define HAVE_INET_NTOA 1
| #define HAVE_MEMMOVE 1
| #define HAVE_STRERROR 1
| #define HAVE_GETCWD 1
| #define HAVE_LIBDL 1
| /* end confdefs.h.  */
| #include <netinet/in.h>
| #include <arpa/nameser.h>
| #include <resolv.h>
| int
| main ()
| {
| unsigned char x[2]; res_query("",0,0,x,0);
|   ;
|   return 0;
| }
configure:5919: result: yes -lresolv
configure:5924: checking for dn_skipname
configure:5950: gcc -o conftest -g -O2 -Wall -Werror -Wl,--unresolved-symbols=ignore-in-shared-libs   conftest.c  -lresolv >&5
configure:5950: $? = 0
configure:5963: result: yes
configure:5979: checking whether to use the internal regexp library
configure:5996: result: no
configure:6001: checking for regcomp
configure:6001: gcc -o conftest -g -O2   conftest.c  >&5
configure:6001: $? = 0
configure:6001: result: yes
configure:6065: checking for Postgress SQL in /usr
configure:6116: result: yes
configure:6137: checking for MySQL using mysql_config
configure:6169: result: no 
configure:6255: checking for SQLite using pkg-config
configure:6274: result: no
configure:6292: checking for Dahdi generic headers
configure:6307: gcc -c -g -O2  conftest.c >&5
conftest.c:40:10: fatal error: dahdi/user.h: No such file or directory
 #include <dahdi/user.h>
          ^~~~~~~~~~~~~~
compilation terminated.
configure:6307: $? = 1
configure: failed program was:
| /* confdefs.h */
| #define PACKAGE_NAME "Yate"
| #define PACKAGE_TARNAME "yate"
| #define PACKAGE_VERSION "5.5.0"
| #define PACKAGE_STRING "Yate 5.5.0"
| #define PACKAGE_BUGREPORT ""
| #define PACKAGE_URL ""
| #define STDC_HEADERS 1
| #define HAVE_SYS_TYPES_H 1
| #define HAVE_SYS_STAT_H 1
| #define HAVE_STDLIB_H 1
| #define HAVE_STRING_H 1
| #define HAVE_MEMORY_H 1
| #define HAVE_STRINGS_H 1
| #define HAVE_INTTYPES_H 1
| #define HAVE_STDINT_H 1
| #define HAVE_UNISTD_H 1
| #define HAVE_DIRENT_H 1
| #define STDC_HEADERS 1
| #define HAVE_FCNTL_H 1
| #define HAVE_SEMAPHORE_H 1
| #define HAVE_ARPA_INET_H 1
| #define HAVE_NETDB_H 1
| #define HAVE_NETINET_IN_H 1
| #define HAVE_SYS_IOCTL_H 1
| #define HAVE_SYS_SOCKET_H 1
| #define HAVE_SYS_TIME_H 1
| #define TIME_WITH_SYS_TIME 1
| #define RETSIGTYPE void
| #define HAVE_MALLOC 1
| #define HAVE_GETTIMEOFDAY 1
| #define HAVE_INET_NTOA 1
| #define HAVE_MEMMOVE 1
| #define HAVE_STRERROR 1
| #define HAVE_GETCWD 1
| #define HAVE_LIBDL 1
| #define HAVE_REGCOMP 1
| /* end confdefs.h.  */
| 
| #include <dahdi/user.h>
| 
| int
| main ()
| {
| 
|   ;
|   return 0;
| }
configure:6312: result: no
configure:6323: checking for Zaptel generic headers
configure:6339: gcc -c -g -O2  conftest.c >&5
conftest.c:40:10: fatal error: zaptel/zaptel.h: No such file or directory
 #include <zaptel/zaptel.h>
          ^~~~~~~~~~~~~~~~~
compilation terminated.
configure:6339: $? = 1
configure: failed program was:
| /* confdefs.h */
| #define PACKAGE_NAME "Yate"
| #define PACKAGE_TARNAME "yate"
| #define PACKAGE_VERSION "5.5.0"
| #define PACKAGE_STRING "Yate 5.5.0"
| #define PACKAGE_BUGREPORT ""
| #define PACKAGE_URL ""
| #define STDC_HEADERS 1
| #define HAVE_SYS_TYPES_H 1
| #define HAVE_SYS_STAT_H 1
| #define HAVE_STDLIB_H 1
| #define HAVE_STRING_H 1
| #define HAVE_MEMORY_H 1
| #define HAVE_STRINGS_H 1
| #define HAVE_INTTYPES_H 1
| #define HAVE_STDINT_H 1
| #define HAVE_UNISTD_H 1
| #define HAVE_DIRENT_H 1
| #define STDC_HEADERS 1
| #define HAVE_FCNTL_H 1
| #define HAVE_SEMAPHORE_H 1
| #define HAVE_ARPA_INET_H 1
| #define HAVE_NETDB_H 1
| #define HAVE_NETINET_IN_H 1
| #define HAVE_SYS_IOCTL_H 1
| #define HAVE_SYS_SOCKET_H 1
| #define HAVE_SYS_TIME_H 1
| #define TIME_WITH_SYS_TIME 1
| #define RETSIGTYPE void
| #define HAVE_MALLOC 1
| #define HAVE_GETTIMEOFDAY 1
| #define HAVE_INET_NTOA 1
| #define HAVE_MEMMOVE 1
| #define HAVE_STRERROR 1
| #define HAVE_GETCWD 1
| #define HAVE_LIBDL 1
| #define HAVE_REGCOMP 1
| /* end confdefs.h.  */
| 
| #include <zaptel/zaptel.h>
| #include <sys/ioctl.h>
| 
| int
| main ()
| {
| ioctl(0,ZT_GETVERSION,(void*)0)
|   ;
|   return 0;
| }
configure:6345: result: no
configure:6348: checking for Zaptel linux headers
configure:6364: gcc -c -g -O2  conftest.c >&5
conftest.c:40:10: fatal error: linux/zaptel.h: No such file or directory
 #include <linux/zaptel.h>
          ^~~~~~~~~~~~~~~~
compilation terminated.
configure:6364: $? = 1
configure: failed program was:
| /* confdefs.h */
| #define PACKAGE_NAME "Yate"
| #define PACKAGE_TARNAME "yate"
| #define PACKAGE_VERSION "5.5.0"
| #define PACKAGE_STRING "Yate 5.5.0"
| #define PACKAGE_BUGREPORT ""
| #define PACKAGE_URL ""
| #define STDC_HEADERS 1
| #define HAVE_SYS_TYPES_H 1
| #define HAVE_SYS_STAT_H 1
| #define HAVE_STDLIB_H 1
| #define HAVE_STRING_H 1
| #define HAVE_MEMORY_H 1
| #define HAVE_STRINGS_H 1
| #define HAVE_INTTYPES_H 1
| #define HAVE_STDINT_H 1
| #define HAVE_UNISTD_H 1
| #define HAVE_DIRENT_H 1
| #define STDC_HEADERS 1
| #define HAVE_FCNTL_H 1
| #define HAVE_SEMAPHORE_H 1
| #define HAVE_ARPA_INET_H 1
| #define HAVE_NETDB_H 1
| #define HAVE_NETINET_IN_H 1
| #define HAVE_SYS_IOCTL_H 1
| #define HAVE_SYS_SOCKET_H 1
| #define HAVE_SYS_TIME_H 1
| #define TIME_WITH_SYS_TIME 1
| #define RETSIGTYPE void
| #define HAVE_MALLOC 1
| #define HAVE_GETTIMEOFDAY 1
| #define HAVE_INET_NTOA 1
| #define HAVE_MEMMOVE 1
| #define HAVE_STRERROR 1
| #define HAVE_GETCWD 1
| #define HAVE_LIBDL 1
| #define HAVE_REGCOMP 1
| /* end confdefs.h.  */
| 
| #include <linux/zaptel.h>
| #include <sys/ioctl.h>
| 
| int
| main ()
| {
| ioctl(0,ZT_GETVERSION,(void*)0)
|   ;
|   return 0;
| }
configure:6370: result: no
configure:6406: checking for Wanpipe new generic headers
configure:6432: gcc -c -g -O2 -I/usr/include/wanpipe  conftest.c >&5
conftest.c:45:10: fatal error: if_wanpipe.h: No such file or directory
 #include <if_wanpipe.h>
          ^~~~~~~~~~~~~~
compilation terminated.
configure:6432: $? = 1
configure: failed program was:
| /* confdefs.h */
| #define PACKAGE_NAME "Yate"
| #define PACKAGE_TARNAME "yate"
| #define PACKAGE_VERSION "5.5.0"
| #define PACKAGE_STRING "Yate 5.5.0"
| #define PACKAGE_BUGREPORT ""
| #define PACKAGE_URL ""
| #define STDC_HEADERS 1
| #define HAVE_SYS_TYPES_H 1
| #define HAVE_SYS_STAT_H 1
| #define HAVE_STDLIB_H 1
| #define HAVE_STRING_H 1
| #define HAVE_MEMORY_H 1
| #define HAVE_STRINGS_H 1
| #define HAVE_INTTYPES_H 1
| #define HAVE_STDINT_H 1
| #define HAVE_UNISTD_H 1
| #define HAVE_DIRENT_H 1
| #define STDC_HEADERS 1
| #define HAVE_FCNTL_H 1
| #define HAVE_SEMAPHORE_H 1
| #define HAVE_ARPA_INET_H 1
| #define HAVE_NETDB_H 1
| #define HAVE_NETINET_IN_H 1
| #define HAVE_SYS_IOCTL_H 1
| #define HAVE_SYS_SOCKET_H 1
| #define HAVE_SYS_TIME_H 1
| #define TIME_WITH_SYS_TIME 1
| #define RETSIGTYPE void
| #define HAVE_MALLOC 1
| #define HAVE_GETTIMEOFDAY 1
| #define HAVE_INET_NTOA 1
| #define HAVE_MEMMOVE 1
| #define HAVE_STRERROR 1
| #define HAVE_GETCWD 1
| #define HAVE_LIBDL 1
| #define HAVE_REGCOMP 1
| /* end confdefs.h.  */
| 
| #define __LINUX__
| #include <sys/types.h>
| #include <sys/ioctl.h>
| #include <sys/socket.h>
| #include <netinet/in.h>
| #include <if_wanpipe.h>
| #include <wanpipe_defines.h>
| #include <wanpipe_cfg.h>
| #include <wanpipe.h>
| #include <aft_core.h>
| 
| int
| main ()
| {
| 
|   ;
|   return 0;
| }
configure:6438: result: no
configure:6443: checking for Wanpipe old generic headers
configure:6469: gcc -c -g -O2 -I/usr/include/wanpipe  conftest.c >&5
conftest.c:45:10: fatal error: if_wanpipe.h: No such file or directory
 #include <if_wanpipe.h>
          ^~~~~~~~~~~~~~
compilation terminated.
configure:6469: $? = 1
configure: failed program was:
| /* confdefs.h */
| #define PACKAGE_NAME "Yate"
| #define PACKAGE_TARNAME "yate"
| #define PACKAGE_VERSION "5.5.0"
| #define PACKAGE_STRING "Yate 5.5.0"
| #define PACKAGE_BUGREPORT ""
| #define PACKAGE_URL ""
| #define STDC_HEADERS 1
| #define HAVE_SYS_TYPES_H 1
| #define HAVE_SYS_STAT_H 1
| #define HAVE_STDLIB_H 1
| #define HAVE_STRING_H 1
| #define HAVE_MEMORY_H 1
| #define HAVE_STRINGS_H 1
| #define HAVE_INTTYPES_H 1
| #define HAVE_STDINT_H 1
| #define HAVE_UNISTD_H 1
| #define HAVE_DIRENT_H 1
| #define STDC_HEADERS 1
| #define HAVE_FCNTL_H 1
| #define HAVE_SEMAPHORE_H 1
| #define HAVE_ARPA_INET_H 1
| #define HAVE_NETDB_H 1
| #define HAVE_NETINET_IN_H 1
| #define HAVE_SYS_IOCTL_H 1
| #define HAVE_SYS_SOCKET_H 1
| #define HAVE_SYS_TIME_H 1
| #define TIME_WITH_SYS_TIME 1
| #define RETSIGTYPE void
| #define HAVE_MALLOC 1
| #define HAVE_GETTIMEOFDAY 1
| #define HAVE_INET_NTOA 1
| #define HAVE_MEMMOVE 1
| #define HAVE_STRERROR 1
| #define HAVE_GETCWD 1
| #define HAVE_LIBDL 1
| #define HAVE_REGCOMP 1
| /* end confdefs.h.  */
| 
| #define __LINUX__
| #include <sys/types.h>
| #include <sys/ioctl.h>
| #include <sys/socket.h>
| #include <netinet/in.h>
| #include <if_wanpipe.h>
| #include <wanpipe_defines.h>
| #include <wanpipe_cfg.h>
| #include <wanpipe.h>
| #include <sdla_aft_te1.h>
| 
| int
| main ()
| {
| 
|   ;
|   return 0;
| }
configure:6475: result: no
configure:6481: checking for Wanpipe linux headers
configure:6506: gcc -c -g -O2  conftest.c >&5
conftest.c:45:10: fatal error: linux/if_wanpipe.h: No such file or directory
 #include <linux/if_wanpipe.h>
          ^~~~~~~~~~~~~~~~~~~~
compilation terminated.
configure:6506: $? = 1
configure: failed program was:
| /* confdefs.h */
| #define PACKAGE_NAME "Yate"
| #define PACKAGE_TARNAME "yate"
| #define PACKAGE_VERSION "5.5.0"
| #define PACKAGE_STRING "Yate 5.5.0"
| #define PACKAGE_BUGREPORT ""
| #define PACKAGE_URL ""
| #define STDC_HEADERS 1
| #define HAVE_SYS_TYPES_H 1
| #define HAVE_SYS_STAT_H 1
| #define HAVE_STDLIB_H 1
| #define HAVE_STRING_H 1
| #define HAVE_MEMORY_H 1
| #define HAVE_STRINGS_H 1
| #define HAVE_INTTYPES_H 1
| #define HAVE_STDINT_H 1
| #define HAVE_UNISTD_H 1
| #define HAVE_DIRENT_H 1
| #define STDC_HEADERS 1
| #define HAVE_FCNTL_H 1
| #define HAVE_SEMAPHORE_H 1
| #define HAVE_ARPA_INET_H 1
| #define HAVE_NETDB_H 1
| #define HAVE_NETINET_IN_H 1
| #define HAVE_SYS_IOCTL_H 1
| #define HAVE_SYS_SOCKET_H 1
| #define HAVE_SYS_TIME_H 1
| #define TIME_WITH_SYS_TIME 1
| #define RETSIGTYPE void
| #define HAVE_MALLOC 1
| #define HAVE_GETTIMEOFDAY 1
| #define HAVE_INET_NTOA 1
| #define HAVE_MEMMOVE 1
| #define HAVE_STRERROR 1
| #define HAVE_GETCWD 1
| #define HAVE_LIBDL 1
| #define HAVE_REGCOMP 1
| /* end confdefs.h.  */
| 
| #define __LINUX__
| #include <sys/types.h>
| #include <sys/ioctl.h>
| #include <sys/socket.h>
| #include <netinet/in.h>
| #include <linux/if_wanpipe.h>
| #include <linux/if.h>
| #include <linux/wanpipe_defines.h>
| #include <linux/wanpipe_cfg.h>
| #include <linux/wanpipe.h>
| #include <linux/sdla_aft_te1.h>
| 
| int
| main ()
| {
| 
|   ;
|   return 0;
| }
configure:6511: result: no
configure:6579: checking for sound card headers
configure:6605: gcc -c -g -O2  conftest.c >&5
configure:6605: $? = 0
configure:6610: result: yes
configure:6615: checking for ALSA headers
configure:6639: gcc -c -g -O2  conftest.c >&5
conftest.c:49:10: fatal error: alsa/asoundlib.h: No such file or directory
 #include <alsa/asoundlib.h>
          ^~~~~~~~~~~~~~~~~~
compilation terminated.
configure:6639: $? = 1
configure: failed program was:
| /* confdefs.h */
| #define PACKAGE_NAME "Yate"
| #define PACKAGE_TARNAME "yate"
| #define PACKAGE_VERSION "5.5.0"
| #define PACKAGE_STRING "Yate 5.5.0"
| #define PACKAGE_BUGREPORT ""
| #define PACKAGE_URL ""
| #define STDC_HEADERS 1
| #define HAVE_SYS_TYPES_H 1
| #define HAVE_SYS_STAT_H 1
| #define HAVE_STDLIB_H 1
| #define HAVE_STRING_H 1
| #define HAVE_MEMORY_H 1
| #define HAVE_STRINGS_H 1
| #define HAVE_INTTYPES_H 1
| #define HAVE_STDINT_H 1
| #define HAVE_UNISTD_H 1
| #define HAVE_DIRENT_H 1
| #define STDC_HEADERS 1
| #define HAVE_FCNTL_H 1
| #define HAVE_SEMAPHORE_H 1
| #define HAVE_ARPA_INET_H 1
| #define HAVE_NETDB_H 1
| #define HAVE_NETINET_IN_H 1
| #define HAVE_SYS_IOCTL_H 1
| #define HAVE_SYS_SOCKET_H 1
| #define HAVE_SYS_TIME_H 1
| #define TIME_WITH_SYS_TIME 1
| #define RETSIGTYPE void
| #define HAVE_MALLOC 1
| #define HAVE_GETTIMEOFDAY 1
| #define HAVE_INET_NTOA 1
| #define HAVE_MEMMOVE 1
| #define HAVE_STRERROR 1
| #define HAVE_GETCWD 1
| #define HAVE_LIBDL 1
| #define HAVE_REGCOMP 1
| /* end confdefs.h.  */
| 
| #if defined(__linux__)
| #include <linux/soundcard.h>
| #elif defined (__FreeBSD__)
| #include <sys/soundcard.h>
| #else
| #include <soundcard.h>
| #endif
| 
| #define ALSA_PCM_NEW_HW_PARAMS_API
| #include <alsa/asoundlib.h>
| 
| int
| main ()
| {
| 
|   ;
|   return 0;
| }
configure:6644: result: no
configure:6715: checking for gsm.h in /usr/local/include/gsm
configure:6721: result: no
configure:6739: checking for iLBC reference in libs
configure:6748: result: yes
configure:6764: checking for iLBC miniwebrtc in libs
configure:6773: result: yes
configure:6789: checking for iSAC float in libs
configure:6798: result: yes
configure:6851: checking for speex.h in /usr/local/include/speex
configure:6882: result: no
configure:6906: checking for AMR-NB in /usr
configure:6916: result: no
configure:6946: checking for usable spandsp in /usr/local/include
configure:7092: result: no
configure:7118: checking for Pwlib in /usr/local
configure:7190: result: no  RTTI: none
configure:7269: checking for OpenSSL using pkg-config
configure:7287: result: no
configure:7325: checking for zlib in /usr
configure:7344: gcc -o conftest -g -O2 -I/usr/include   conftest.c  -lz >&5
configure:7344: $? = 0
configure:7358: result: yes
configure:7396: checking for Qt4 >= 4.3.0 using pkg-config
configure:7425: result: no
configure:7429: checking for Qt4 >= 4.3.0 using qmake
configure:7470: result: no
configure:7494: checking for mallinfo in malloc.h
configure:7512: gcc -c -g -O2  conftest.c >&5
configure:7512: $? = 0
configure:7517: result: yes
configure:7542: checking for coredumper.h in /usr/local
configure:7549: result: no
configure:7565: checking whether to enable RTTI support
configure:7586: result: none
configure:7614: checking if shared libraries should be executable
configure:7622: result: no
configure:7672: checking for doxygen version
configure:7680: result: 1.8.13
configure:7697: checking for kdoc version
configure:7705: result: no
configure:7872: creating ./config.status

## ---------------------- ##
## Running config.status. ##
## ---------------------- ##

This file was extended by Yate config.status 5.5.0, which was
generated by GNU Autoconf 2.69.  Invocation command line was

  CONFIG_FILES    = 
  CONFIG_HEADERS  = 
  CONFIG_LINKS    = 
  CONFIG_COMMANDS = 
  $ ./config.status 

on 8B-20-66-53

config.status:877: creating packing/rpm/yate.spec
config.status:877: creating packing/portage/yate.ebuild
config.status:877: creating yate.pc
config.status:877: creating yateversn.h
config.status:877: creating yateiss.inc
config.status:877: creating Makefile
config.status:877: creating engine/Makefile
config.status:877: creating modules/Makefile
config.status:877: creating modules/test/Makefile
config.status:877: creating clients/Makefile
config.status:877: creating clients/qt4/Makefile
config.status:877: creating libs/ilbc/Makefile
config.status:877: creating libs/ysip/Makefile
config.status:877: creating libs/yrtp/Makefile
config.status:877: creating libs/ysdp/Makefile
config.status:877: creating libs/yiax/Makefile
config.status:877: creating libs/yjabber/Makefile
config.status:877: creating libs/yscript/Makefile
config.status:877: creating libs/ymgcp/Makefile
config.status:877: creating libs/ysig/Makefile
config.status:877: creating libs/ypbx/Makefile
config.status:877: creating libs/ymodem/Makefile
config.status:877: creating libs/yasn/Makefile
config.status:877: creating libs/ysnmp/Makefile
config.status:877: creating libs/miniwebrtc/Makefile
config.status:877: creating libs/yradio/Makefile
config.status:877: creating share/Makefile
config.status:877: creating share/scripts/Makefile
config.status:877: creating share/skins/Makefile
config.status:877: creating share/sounds/Makefile
config.status:877: creating share/help/Makefile
config.status:877: creating share/data/Makefile
config.status:877: creating conf.d/Makefile
config.status:877: creating yate-config
config.status:877: creating run

## ---------------- ##
## Cache variables. ##
## ---------------- ##

ac_cv_c_bigendian=no
ac_cv_c_compiler_gnu=yes
ac_cv_c_const=yes
ac_cv_c_inline=inline
ac_cv_cxx_compiler_gnu=yes
ac_cv_env_CCC_set=
ac_cv_env_CCC_value=
ac_cv_env_CC_set=
ac_cv_env_CC_value=
ac_cv_env_CFLAGS_set=
ac_cv_env_CFLAGS_value=
ac_cv_env_CPPFLAGS_set=
ac_cv_env_CPPFLAGS_value=
ac_cv_env_CPP_set=
ac_cv_env_CPP_value=
ac_cv_env_CXXFLAGS_set=
ac_cv_env_CXXFLAGS_value=
ac_cv_env_CXX_set=
ac_cv_env_CXX_value=
ac_cv_env_LDFLAGS_set=
ac_cv_env_LDFLAGS_value=
ac_cv_env_LIBS_set=
ac_cv_env_LIBS_value=
ac_cv_env_build_alias_set=
ac_cv_env_build_alias_value=
ac_cv_env_host_alias_set=
ac_cv_env_host_alias_value=
ac_cv_env_target_alias_set=
ac_cv_env_target_alias_value=
ac_cv_format_checks=yes
ac_cv_func_getcwd=yes
ac_cv_func_gethostbyname2=yes
ac_cv_func_gethostbyname2_r=yes
ac_cv_func_gethostbyname_r=yes
ac_cv_func_gettimeofday=yes
ac_cv_func_inet_ntoa=yes
ac_cv_func_inet_ntop=yes
ac_cv_func_inet_pton=yes
ac_cv_func_malloc=yes
ac_cv_func_memmove=yes
ac_cv_func_regcomp=yes
ac_cv_func_strerror=yes
ac_cv_header_arpa_inet_h=yes
ac_cv_header_dirent_dirent_h=yes
ac_cv_header_fcntl_h=yes
ac_cv_header_inttypes_h=yes
ac_cv_header_memory_h=yes
ac_cv_header_netdb_h=yes
ac_cv_header_netinet_in_h=yes
ac_cv_header_semaphore_h=yes
ac_cv_header_stdc=yes
ac_cv_header_stdint_h=yes
ac_cv_header_stdlib_h=yes
ac_cv_header_string_h=yes
ac_cv_header_strings_h=yes
ac_cv_header_sys_ioctl_h=yes
ac_cv_header_sys_socket_h=yes
ac_cv_header_sys_stat_h=yes
ac_cv_header_sys_time_h=yes
ac_cv_header_sys_types_h=yes
ac_cv_header_time=yes
ac_cv_header_unistd_h=yes
ac_cv_lib_dl_dlopen=yes
ac_cv_lib_pthread_pthread_mutexattr_settype=yes
ac_cv_no_overload_virt=yes
ac_cv_objext=o
ac_cv_path_EGREP='/bin/grep -E'
ac_cv_path_GREP=/bin/grep
ac_cv_prog_AWK=gawk
ac_cv_prog_CPP='gcc -E'
ac_cv_prog_ac_ct_CC=gcc
ac_cv_prog_ac_ct_CXX=g++
ac_cv_prog_cc_c89=
ac_cv_prog_cc_g=yes
ac_cv_prog_cxx_g=yes
ac_cv_search_opendir='none required'
ac_cv_type_signal=void
ac_cv_use_amrnb=/usr
ac_cv_use_coredumper=/usr/local
ac_cv_use_doxygen=1.8.13
ac_cv_use_fdsize=8192
ac_cv_use_kdoc=no
ac_cv_use_libgsm=/usr/local/include/gsm
ac_cv_use_libpq=/usr
ac_cv_use_libqt4=yes
ac_cv_use_libspeex=/usr/local/include
ac_cv_use_mallinfo=yes
ac_cv_use_mysql=yes
ac_cv_use_openh323=/usr
ac_cv_use_openssl=yes
ac_cv_use_pwlib=/usr/local
ac_cv_use_qtstatic=no
ac_cv_use_spandsp=/usr/local/include
ac_cv_use_sqlite=yes
ac_cv_use_wphwec=/usr/include/wanpipe
ac_cv_use_zlib=/usr

## ----------------- ##
## Output variables. ##
## ----------------- ##

AMRNB_INC=''
AMRNB_LIB='-lamrnb'
ARCHLIB='lib/x86_64-linux-gnu'
ATOMIC_OPS='-DATOMIC_OPS'
AWK='gawk'
BUILD_TDMCARD='yes'
BUILD_WPCARD='yes'
CC='gcc'
CFLAGS=' -O2'
CONFIGURE_FILES=' yate.pc yateversn.h yateiss.inc Makefile engine/Makefile modules/Makefile modules/test/Makefile clients/Makefile clients/qt4/Makefile libs/ilbc/Makefile libs/ysip/Makefile libs/yrtp/Makefile libs/ysdp/Makefile libs/yiax/Makefile libs/yjabber/Makefile libs/yscript/Makefile libs/ymgcp/Makefile libs/ysig/Makefile libs/ypbx/Makefile libs/ymodem/Makefile libs/yasn/Makefile libs/ysnmp/Makefile libs/miniwebrtc/Makefile libs/yradio/Makefile share/Makefile share/scripts/Makefile share/skins/Makefile share/sounds/Makefile share/help/Makefile share/data/Makefile conf.d/Makefile yate-config run config.status config.log'
COREDUMPER_INC=''
COREDUMPER_LIB=''
CPP='gcc -E'
CPPFLAGS=''
CXX='g++'
CXXFLAGS='-g -O2'
DEFS='-DPACKAGE_NAME=\"Yate\" -DPACKAGE_TARNAME=\"yate\" -DPACKAGE_VERSION=\"5.5.0\" -DPACKAGE_STRING=\"Yate\ 5.5.0\" -DPACKAGE_BUGREPORT=\"\" -DPACKAGE_URL=\"\" -DSTDC_HEADERS=1 -DHAVE_SYS_TYPES_H=1 -DHAVE_SYS_STAT_H=1 -DHAVE_STDLIB_H=1 -DHAVE_STRING_H=1 -DHAVE_MEMORY_H=1 -DHAVE_STRINGS_H=1 -DHAVE_INTTYPES_H=1 -DHAVE_STDINT_H=1 -DHAVE_UNISTD_H=1 -DHAVE_DIRENT_H=1 -DSTDC_HEADERS=1 -DHAVE_FCNTL_H=1 -DHAVE_SEMAPHORE_H=1 -DHAVE_ARPA_INET_H=1 -DHAVE_NETDB_H=1 -DHAVE_NETINET_IN_H=1 -DHAVE_SYS_IOCTL_H=1 -DHAVE_SYS_SOCKET_H=1 -DHAVE_SYS_TIME_H=1 -DTIME_WITH_SYS_TIME=1 -DRETSIGTYPE=void -DHAVE_MALLOC=1 -DHAVE_GETTIMEOFDAY=1 -DHAVE_INET_NTOA=1 -DHAVE_MEMMOVE=1 -DHAVE_STRERROR=1 -DHAVE_GETCWD=1 -DHAVE_LIBDL=1 -DHAVE_REGCOMP=1'
DLOPEN_LIB='-ldl'
DOXYGEN_BIN='/usr/bin/doxygen'
ECHO_C=''
ECHO_N='-n'
ECHO_T=''
EGREP='/bin/grep -E'
EXEEXT=''
FDSIZE_HACK='-DHAVE_POLL -DFDSIZE_HACK=8192'
GREP='/bin/grep'
GSM_INC=''
GSM_LIB='-lgsm'
H323_INC=''
H323_LIB=''
H323_RUN=''
HAVE_ALSA='no'
HAVE_AMRNB='no'
HAVE_BLOCK_RETURN='-DHAVE_BLOCK_RETURN'
HAVE_COREAUDIO='no'
HAVE_COREDUMPER='no'
HAVE_GETCWD='-DHAVE_GETCWD'
HAVE_GMTOFF='-DHAVE_GMTOFF'
HAVE_GSM='no'
HAVE_H323='no'
HAVE_ILBC='yes'
HAVE_ILBCWR='yes'
HAVE_INT_TZ='-DHAVE_INT_TZ'
HAVE_ISAC='yes'
HAVE_MACOSX_SUPPORT='no'
HAVE_MALLINFO='yes'
HAVE_MYSQL='no'
HAVE_OPENSSL='no'
HAVE_PGSQL='yes'
HAVE_POLL='yes'
HAVE_PRCTL='-DHAVE_PRCTL'
HAVE_QT4='no'
HAVE_RESOLV='yes'
HAVE_SCTP='no'
HAVE_SCTP_NETINET='no'
HAVE_SOCKADDR_LEN=''
HAVE_SOUNDCARD='yes'
HAVE_SPANDSP='no'
HAVE_SPEEX='no'
HAVE_SQLITE='no'
HAVE_WANPIPE='no'
HAVE_WANPIPE_TDM='no'
HAVE_ZAP='no'
HAVE_ZLIB='yes'
ILBCWR_INC='-I/home/alumnos/e336869/RedesMultimedia/p3/yate-5.5.0-1.compilado/yate/libs/miniwebrtc/audio/coding_ilbc'
ILBC_INC='-I/home/alumnos/e336869/RedesMultimedia/p3/yate-5.5.0-1.compilado/yate/libs/ilbc'
INLINE_FLAGS=''
INSTALL_D='install -D'
INSTALL_L='-m 0644'
INTERNAL_REGEX='no'
ISAC_INC='-I/home/alumnos/e336869/RedesMultimedia/p3/yate-5.5.0-1.compilado/yate/libs/miniwebrtc/audio/coding_isac/main'
KDOC_BIN=''
LDFLAGS=''
LIBOBJS=''
LIBS=''
LTLIBOBJS=''
MACOSX_INC=''
MODULE_CFLAGS='-fno-exceptions -fPIC -DHAVE_GCC_FORMAT_CHECK -DHAVE_BLOCK_RETURN'
MODULE_CPPFLAGS='-Wno-overloaded-virtual  -fno-exceptions -fPIC -DHAVE_GCC_FORMAT_CHECK -DHAVE_BLOCK_RETURN'
MODULE_LDFLAGS='-rdynamic -shared -Wl,--unresolved-symbols=ignore-in-shared-libs'
MODULE_LDRELAX='-rdynamic -shared'
MODULE_SYMBOLS='-Wl,--retain-symbols-file,/dev/null'
MUTEX_HACK=' -DHAVE_TIMEDLOCK -DHAVE_TIMEDWAIT'
MYSQL_INC=''
MYSQL_LIB=''
MYSQL_VER=''
NETDB_FLAGS=' -DHAVE_NTOP -DHAVE_PTON -DHAVE_GHBN_R -DHAVE_GHBN2_R -DHAVE_GHBN2'
OBJCFLAGS=''
OBJEXT='o'
OPENSSL_INC=''
OPENSSL_LIB=''
OPENSSL_VER=''
PACKAGE_BUGREPORT=''
PACKAGE_NAME='Yate'
PACKAGE_RELEASE='1'
PACKAGE_REVISION='5968'
PACKAGE_STATUS=''
PACKAGE_STRING='Yate 5.5.0'
PACKAGE_TARNAME='yate'
PACKAGE_URL=''
PACKAGE_VERSION='5.5.0'
PACKAGE_VERSION_BUILD='0'
PACKAGE_VERSION_MAJOR='5'
PACKAGE_VERSION_MINOR='5'
PACKAGE_VERSION_RELEASE='1'
PATH_SEPARATOR=':'
PGSQL_INC='-I/usr/include/postgresql'
PGSQL_LIB='-lpq'
QT4_INC=''
QT4_INC_NET=''
QT4_LIB=''
QT4_LIB_NET=''
QT4_MOC=''
QT4_STATIC_MODULES='no'
QT4_VER=''
RESOLV_INC=''
RESOLV_LIB='-lresolv'
RTTI_OPT=''
SCTP_FLAGS=''
SHELL='/bin/bash'
SONAME_OPT='-shared -Wl,-soname='
SPANDSP_INC=''
SPANDSP_LIB='-lspandsp'
SPEEX_INC=''
SPEEX_LIB='-lspeex'
SQLITE_INC=''
SQLITE_LIB=''
SSE2_OPS='no'
THREAD_KILL=''
THREAD_LIB='-lpthread'
USE_RTTI='none'
WANPIPE_FLAGS=''
ZAP_FLAGS=''
ZLIB_INC='-I/usr/include'
ZLIB_LIB='-lz'
ac_ct_CC='gcc'
ac_ct_CXX='g++'
bindir='${exec_prefix}/bin'
build_alias=''
datadir='${datarootdir}'
datarootdir='${prefix}/share'
docdir='${datarootdir}/doc/${PACKAGE_TARNAME}'
dvidir='${docdir}'
exec_prefix='${prefix}'
host_alias=''
htmldir='${docdir}'
includedir='${prefix}/include'
infodir='${datarootdir}/info'
libdir='${exec_prefix}/lib'
libexecdir='${exec_prefix}/libexec'
localedir='${datarootdir}/locale'
localstatedir='${prefix}/var'
mandir='${datarootdir}/man'
oldincludedir='/usr/include'
pdfdir='${docdir}'
prefix='/usr/local'
program_transform_name='s,x,x,'
psdir='${docdir}'
runstatedir='${localstatedir}/run'
sbindir='${exec_prefix}/sbin'
sharedstatedir='${prefix}/com'
sysconfdir='${prefix}/etc'
target_alias=''

## ----------- ##
## confdefs.h. ##
## ----------- ##

/* confdefs.h */
#define PACKAGE_NAME "Yate"
#define PACKAGE_TARNAME "yate"
#define PACKAGE_VERSION "5.5.0"
#define PACKAGE_STRING "Yate 5.5.0"
#define PACKAGE_BUGREPORT ""
#define PACKAGE_URL ""
#define STDC_HEADERS 1
#define HAVE_SYS_TYPES_H 1
#define HAVE_SYS_STAT_H 1
#define HAVE_STDLIB_H 1
#define HAVE_STRING_H 1
#define HAVE_MEMORY_H 1
#define HAVE_STRINGS_H 1
#define HAVE_INTTYPES_H 1
#define HAVE_STDINT_H 1
#define HAVE_UNISTD_H 1
#define HAVE_DIRENT_H 1
#define STDC_HEADERS 1
#define HAVE_FCNTL_H 1
#define HAVE_SEMAPHORE_H 1
#define HAVE_ARPA_INET_H 1
#define HAVE_NETDB_H 1
#define HAVE_NETINET_IN_H 1
#define HAVE_SYS_IOCTL_H 1
#define HAVE_SYS_SOCKET_H 1
#define HAVE_SYS_TIME_H 1
#define TIME_WITH_SYS_TIME 1
#define RETSIGTYPE void
#define HAVE_MALLOC 1
#define HAVE_GETTIMEOFDAY 1
#define HAVE_INET_NTOA 1
#define HAVE_MEMMOVE 1
#define HAVE_STRERROR 1
#define HAVE_GETCWD 1
#define HAVE_LIBDL 1
#define HAVE_REGCOMP 1

configure: exit 0
